C51 COMPILER V9.60.7.0   DAC                                                               11/28/2024 06:09:16 PAGE 1   


C51 COMPILER V9.60.7.0, COMPILATION OF MODULE DAC
OBJECT MODULE PLACED IN .\Objects\DAC.obj
COMPILER INVOKED BY: C:\Keil_v5\C51\BIN\C51.EXE DAC.c OPTIMIZE(8,SPEED) BROWSE DEBUG OBJECTEXTEND PRINT(.\Listings\DAC.l
                    -st) TABS(2) OBJECT(.\Objects\DAC.obj)

line level    source

   1          #include <reg51.h>
   2          
   3          void delay(unsigned int a) {
   4   1          unsigned int i, j;
   5   1          for (i = 0; i < a; i++) {
   6   2              for (j = 0; j < 1275; j++) {
   7   3                  // Waste time for delay
   8   3              }
   9   2          }
  10   1      }
  11          
  12          void main() {
  13   1          P1 = 0x00; // Set P1 initially to 0
  14   1          while (1) {
  15   2              P1 = 0xFF; // Turn on all bits of P1
  16   2              delay(50); // Delay
  17   2              P1 = 0x00; // Turn off all bits of P1
  18   2              delay(50); // Delay
  19   2          }
  20   1      }


MODULE INFORMATION:   STATIC OVERLAYABLE
   CODE SIZE        =     53    ----
   CONSTANT SIZE    =   ----    ----
   XDATA SIZE       =   ----    ----
   PDATA SIZE       =   ----    ----
   DATA SIZE        =   ----    ----
   IDATA SIZE       =   ----    ----
   BIT SIZE         =   ----    ----
END OF MODULE INFORMATION.


C51 COMPILATION COMPLETE.  0 WARNING(S),  0 ERROR(S)
